{"name": "User can filter by status Out Of Stock", "status": "broken", "statusDetails": {"message": "selenium.common.exceptions.NoSuchWindowException: Message: no such window: target window already closed\nfrom unknown error: web view not found\n  (Session info: chrome=145.0.7632.76)\nStacktrace:\n0   chromedriver                        0x0000000103d633d8 chromedriver + 6730712\n1   chromedriver                        0x0000000103d5ac0a chromedriver + 6695946\n2   chromedriver                        0x0000000103766cf5 chromedriver + 453877\n3   chromedriver                        0x0000000103739f58 chromedriver + 270168\n4   chromedriver                        0x00000001037ea538 chromedriver + 992568\n5   chromedriver                        0x0000000103804388 chromedriver + 1098632\n6   chromedriver                        0x00000001037ad774 chromedriver + 743284\n7   chromedriver                        0x00000001037ae521 chromedriver + 746785\n8   chromedriver                        0x0000000103d1c4a1 chromedriver + 6440097\n9   chromedriver                        0x0000000103d2087a chromedriver + 6457466\n10  chromedriver                        0x0000000103cfc159 chromedriver + 6308185\n11  chromedriver                        0x0000000103d212d8 chromedriver + 6460120\n12  chromedriver                        0x0000000103ceaac0 chromedriver + 6236864\n13  chromedriver                        0x0000000103d474b8 chromedriver + 6616248\n14  chromedriver                        0x0000000103d47672 chromedriver + 6616690\n15  chromedriver                        0x0000000103d5a816 chromedriver + 6694934\n16  libsystem_pthread.dylib             0x00007ff81a22f1d3 _pthread_start + 125\n17  libsystem_pthread.dylib             0x00007ff81a22abd3 thread_start + 15\n\n", "trace": "  File \"/Users/alexandrabugaeva/Downloads/internship-project2026/.venv/lib/python3.12/site-packages/behave/model.py\", line 1991, in run\n    match.run(runner.context)\n  File \"/Users/alexandrabugaeva/Downloads/internship-project2026/.venv/lib/python3.12/site-packages/behave/matchers.py\", line 105, in run\n    self.func(context, *args, **kwargs)\n  File \"features/steps/filter_search_steps.py\", line 20, in click_off_plan\n    context.app.search_page.click_off_plan()\n  File \"/Users/alexandrabugaeva/Downloads/internship-project2026/pages/search_page.py\", line 14, in click_off_plan\n    self.wait_until_element_present(*self.OFF_PLAN_BTN)\n  File \"/Users/alexandrabugaeva/Downloads/internship-project2026/pages/base_page.py\", line 51, in wait_until_element_present\n    self.driver.wait.until(\n  File \"/Users/alexandrabugaeva/Downloads/internship-project2026/.venv/lib/python3.12/site-packages/selenium/webdriver/support/wait.py\", line 112, in until\n    value = method(self._driver)\n            ^^^^^^^^^^^^^^^^^^^^\n  File \"/Users/alexandrabugaeva/Downloads/internship-project2026/.venv/lib/python3.12/site-packages/selenium/webdriver/support/expected_conditions.py\", line 92, in _predicate\n    return driver.find_element(*locator)\n           ^^^^^^^^^^^^^^^^^^^^^^^^^^^^^\n  File \"/Users/alexandrabugaeva/Downloads/internship-project2026/.venv/lib/python3.12/site-packages/selenium/webdriver/remote/webdriver.py\", line 802, in find_element\n    return self.execute(Command.FIND_ELEMENT, {\"using\": by, \"value\": value})[\"value\"]\n           ^^^^^^^^^^^^^^^^^^^^^^^^^^^^^^^^^^^^^^^^^^^^^^^^^^^^^^^^^^^^^^^^^\n  File \"/Users/alexandrabugaeva/Downloads/internship-project2026/.venv/lib/python3.12/site-packages/selenium/webdriver/remote/webdriver.py\", line 432, in execute\n    self.error_handler.check_response(response)\n  File \"/Users/alexandrabugaeva/Downloads/internship-project2026/.venv/lib/python3.12/site-packages/selenium/webdriver/remote/errorhandler.py\", line 232, in check_response\n    raise exception_class(message, screen, stacktrace)\n"}, "steps": [{"name": "Given Open Reelly main page", "status": "passed", "start": 1771509690535, "stop": 1771509693451}, {"name": "When Log in to the account", "status": "passed", "start": 1771509693452, "stop": 1771509699425}, {"name": "And Click on “off plan” in the left side menu", "status": "broken", "statusDetails": {"message": "selenium.common.exceptions.NoSuchWindowException: Message: no such window: target window already closed\nfrom unknown error: web view not found\n  (Session info: chrome=145.0.7632.76)\nStacktrace:\n0   chromedriver                        0x0000000103d633d8 chromedriver + 6730712\n1   chromedriver                        0x0000000103d5ac0a chromedriver + 6695946\n2   chromedriver                        0x0000000103766cf5 chromedriver + 453877\n3   chromedriver                        0x0000000103739f58 chromedriver + 270168\n4   chromedriver                        0x00000001037ea538 chromedriver + 992568\n5   chromedriver                        0x0000000103804388 chromedriver + 1098632\n6   chromedriver                        0x00000001037ad774 chromedriver + 743284\n7   chromedriver                        0x00000001037ae521 chromedriver + 746785\n8   chromedriver                        0x0000000103d1c4a1 chromedriver + 6440097\n9   chromedriver                        0x0000000103d2087a chromedriver + 6457466\n10  chromedriver                        0x0000000103cfc159 chromedriver + 6308185\n11  chromedriver                        0x0000000103d212d8 chromedriver + 6460120\n12  chromedriver                        0x0000000103ceaac0 chromedriver + 6236864\n13  chromedriver                        0x0000000103d474b8 chromedriver + 6616248\n14  chromedriver                        0x0000000103d47672 chromedriver + 6616690\n15  chromedriver                        0x0000000103d5a816 chromedriver + 6694934\n16  libsystem_pthread.dylib             0x00007ff81a22f1d3 _pthread_start + 125\n17  libsystem_pthread.dylib             0x00007ff81a22abd3 thread_start + 15\n\n", "trace": "  File \"/Users/alexandrabugaeva/Downloads/internship-project2026/.venv/lib/python3.12/site-packages/behave/model.py\", line 1991, in run\n    match.run(runner.context)\n  File \"/Users/alexandrabugaeva/Downloads/internship-project2026/.venv/lib/python3.12/site-packages/behave/matchers.py\", line 105, in run\n    self.func(context, *args, **kwargs)\n  File \"features/steps/filter_search_steps.py\", line 20, in click_off_plan\n    context.app.search_page.click_off_plan()\n  File \"/Users/alexandrabugaeva/Downloads/internship-project2026/pages/search_page.py\", line 14, in click_off_plan\n    self.wait_until_element_present(*self.OFF_PLAN_BTN)\n  File \"/Users/alexandrabugaeva/Downloads/internship-project2026/pages/base_page.py\", line 51, in wait_until_element_present\n    self.driver.wait.until(\n  File \"/Users/alexandrabugaeva/Downloads/internship-project2026/.venv/lib/python3.12/site-packages/selenium/webdriver/support/wait.py\", line 112, in until\n    value = method(self._driver)\n            ^^^^^^^^^^^^^^^^^^^^\n  File \"/Users/alexandrabugaeva/Downloads/internship-project2026/.venv/lib/python3.12/site-packages/selenium/webdriver/support/expected_conditions.py\", line 92, in _predicate\n    return driver.find_element(*locator)\n           ^^^^^^^^^^^^^^^^^^^^^^^^^^^^^\n  File \"/Users/alexandrabugaeva/Downloads/internship-project2026/.venv/lib/python3.12/site-packages/selenium/webdriver/remote/webdriver.py\", line 802, in find_element\n    return self.execute(Command.FIND_ELEMENT, {\"using\": by, \"value\": value})[\"value\"]\n           ^^^^^^^^^^^^^^^^^^^^^^^^^^^^^^^^^^^^^^^^^^^^^^^^^^^^^^^^^^^^^^^^^\n  File \"/Users/alexandrabugaeva/Downloads/internship-project2026/.venv/lib/python3.12/site-packages/selenium/webdriver/remote/webdriver.py\", line 432, in execute\n    self.error_handler.check_response(response)\n  File \"/Users/alexandrabugaeva/Downloads/internship-project2026/.venv/lib/python3.12/site-packages/selenium/webdriver/remote/errorhandler.py\", line 232, in check_response\n    raise exception_class(message, screen, stacktrace)\n"}, "start": 1771509699428, "stop": 1771509699954}, {"name": "Then Verify the correct page opened", "status": "skipped", "start": 1771509700168, "stop": 1771509700168}, {"name": "When Filter by status of “Out of Stocks”", "status": "skipped", "start": 1771509700168, "stop": 1771509700168}, {"name": "Then Verify each product contains the Out of Stocks tag", "status": "skipped", "start": 1771509700168, "stop": 1771509700169}], "start": 1771509683176, "stop": 1771509700169, "uuid": "c157bb48-a39a-4dd8-8665-6b07037902b4", "historyId": "3fc75b955099dacd07ee999428819069", "testCaseId": "aa64134f402b11a34b72b19428dfd5be", "fullName": "Tests for property search: User can filter by status Out Of Stock", "labels": [{"name": "severity", "value": "normal"}, {"name": "tag", "value": "smoke"}, {"name": "feature", "value": "Tests for property search"}, {"name": "framework", "value": "behave"}, {"name": "language", "value": "cpython3"}], "titlePath": ["features", "tests", "Tests for property search"]}